<?xml version="1.0" encoding="UTF-8"?>
<testsuite name="dao.DAOTests" tests="1" skipped="0" failures="0" errors="0" timestamp="2023-02-22T05:55:52" hostname="DESKTOP-RH2POBE" time="0.015">
  <properties/>
  <testcase name="dataReadTest()" classname="dao.DAOTests" time="0.015"/>
  <system-out><![CDATA[null
]]></system-out>
  <system-err><![CDATA[]]></system-err>
</testsuite>
