<?xml version="1.0" encoding="UTF-8"?>
<testsuite name="org.geon.study.service.ServiceTests" tests="4" skipped="0" failures="0" errors="0" timestamp="2023-02-28T07:45:25" hostname="DESKTOP-RH2POBE" time="0.001">
  <properties/>
  <testcase name="searchTest()" classname="org.geon.study.service.ServiceTests" time="0.0"/>
  <testcase name="searchTest2()" classname="org.geon.study.service.ServiceTests" time="0.001"/>
  <testcase name="searchTest3()" classname="org.geon.study.service.ServiceTests" time="0.0"/>
  <testcase name="getList()" classname="org.geon.study.service.ServiceTests" time="0.0"/>
  <system-out><![CDATA[true
]]></system-out>
  <system-err><![CDATA[]]></system-err>
</testsuite>
